<?xml version="1.0" encoding="UTF-8"?>
<testng-results ignored="0" total="6" passed="5" failed="0" skipped="1">
  <reporter-output>
    <line>
      <![CDATA[<a href='/Users/sakirsahin/IdeaProjects/TestNGFramework/screenshots/passed/invalidCredentials2022-05-17-14-19-39.png'> <img src='/Users/sakirsahin/IdeaProjects/TestNGFramework/screenshots/passed/invalidCredentials2022-05-17-14-19-39.png' height='100' width='250'/> </a>]]>
    </line>
    <line>
      <![CDATA[<a href='/Users/sakirsahin/IdeaProjects/TestNGFramework/screenshots/passed/logoIsPresent2022-05-17-14-19-39.png'> <img src='/Users/sakirsahin/IdeaProjects/TestNGFramework/screenshots/passed/logoIsPresent2022-05-17-14-19-39.png' height='100' width='250'/> </a>]]>
    </line>
    <line>
      <![CDATA[<a href='/Users/sakirsahin/IdeaProjects/TestNGFramework/screenshots/passed/invalidCredentials2022-05-17-14-19-43.png'> <img src='/Users/sakirsahin/IdeaProjects/TestNGFramework/screenshots/passed/invalidCredentials2022-05-17-14-19-43.png' height='100' width='250'/> </a>]]>
    </line>
    <line>
      <![CDATA[<a href='/Users/sakirsahin/IdeaProjects/TestNGFramework/screenshots/passed/invalidCredentials2022-05-17-14-19-47.png'> <img src='/Users/sakirsahin/IdeaProjects/TestNGFramework/screenshots/passed/invalidCredentials2022-05-17-14-19-47.png' height='100' width='250'/> </a>]]>
    </line>
    <line>
      <![CDATA[<a href='/Users/sakirsahin/IdeaProjects/TestNGFramework/screenshots/passed/invalidCredentials2022-05-17-14-19-51.png'> <img src='/Users/sakirsahin/IdeaProjects/TestNGFramework/screenshots/passed/invalidCredentials2022-05-17-14-19-51.png' height='100' width='250'/> </a>]]>
    </line>
  </reporter-output>
  <suite started-at="2022-05-17T14:19:32 HST" name="All Test Suite" finished-at="2022-05-17T14:19:51 HST" duration-ms="18807">
    <groups>
    </groups>
    <test started-at="2022-05-17T14:19:32 HST" name="ParallelTesting" finished-at="2022-05-17T14:19:51 HST" duration-ms="18807">
      <class name="test.LoginTest">
        <test-method is-config="true" signature="openBrowserAndLaunchApplication()[pri:0, instance:test.LoginTest@1e730495]" started-at="2022-05-17T14:19:32 HST" name="openBrowserAndLaunchApplication" finished-at="2022-05-17T14:19:38 HST" duration-ms="5688" status="PASS">
          <reporter-output>
          </reporter-output>
        </test-method> <!-- openBrowserAndLaunchApplication -->
        <test-method is-config="true" signature="openBrowserAndLaunchApplication()[pri:0, instance:test.LoginTest@1e730495]" started-at="2022-05-17T14:19:32 HST" name="openBrowserAndLaunchApplication" finished-at="2022-05-17T14:19:37 HST" duration-ms="4614" status="PASS">
          <reporter-output>
          </reporter-output>
        </test-method> <!-- openBrowserAndLaunchApplication -->
        <test-method signature="invalidCredentials(java.lang.String,java.lang.String,java.lang.String)[pri:0, instance:test.LoginTest@1e730495]" started-at="2022-05-17T14:19:37 HST" name="invalidCredentials" data-provider="Credentials" finished-at="2022-05-17T14:19:38 HST" duration-ms="953" status="PASS">
          <params>
            <param index="0">
              <value>
                <![CDATA[Admin]]>
              </value>
            </param>
            <param index="1">
              <value>
                <![CDATA[abc]]>
              </value>
            </param>
            <param index="2">
              <value>
                <![CDATA[Invalid credentials]]>
              </value>
            </param>
          </params>
          <reporter-output>
            <line>
              <![CDATA[<a href='/Users/sakirsahin/IdeaProjects/TestNGFramework/screenshots/passed/invalidCredentials2022-05-17-14-19-39.png'> <img src='/Users/sakirsahin/IdeaProjects/TestNGFramework/screenshots/passed/invalidCredentials2022-05-17-14-19-39.png' height='100' width='250'/> </a>]]>
            </line>
          </reporter-output>
        </test-method> <!-- invalidCredentials -->
        <test-method signature="logoIsPresent()[pri:0, instance:test.LoginTest@1e730495]" started-at="2022-05-17T14:19:38 HST" name="logoIsPresent" finished-at="2022-05-17T14:19:38 HST" duration-ms="47" status="PASS">
          <reporter-output>
            <line>
              <![CDATA[<a href='/Users/sakirsahin/IdeaProjects/TestNGFramework/screenshots/passed/logoIsPresent2022-05-17-14-19-39.png'> <img src='/Users/sakirsahin/IdeaProjects/TestNGFramework/screenshots/passed/logoIsPresent2022-05-17-14-19-39.png' height='100' width='250'/> </a>]]>
            </line>
          </reporter-output>
        </test-method> <!-- logoIsPresent -->
        <test-method is-config="true" signature="tearDown()[pri:0, instance:test.LoginTest@1e730495]" started-at="2022-05-17T14:19:39 HST" name="tearDown" finished-at="2022-05-17T14:19:39 HST" duration-ms="74" status="PASS">
          <reporter-output>
          </reporter-output>
        </test-method> <!-- tearDown -->
        <test-method is-config="true" signature="openBrowserAndLaunchApplication()[pri:0, instance:test.LoginTest@1e730495]" started-at="2022-05-17T14:19:39 HST" name="openBrowserAndLaunchApplication" finished-at="2022-05-17T14:19:42 HST" duration-ms="3456" status="PASS">
          <reporter-output>
          </reporter-output>
        </test-method> <!-- openBrowserAndLaunchApplication -->
        <test-method is-config="true" signature="tearDown()[pri:0, instance:test.LoginTest@1e730495]" started-at="2022-05-17T14:19:39 HST" name="tearDown" finished-at="2022-05-17T14:19:39 HST" duration-ms="93" status="PASS">
          <reporter-output>
          </reporter-output>
        </test-method> <!-- tearDown -->
        <test-method signature="invalidCredentials(java.lang.String,java.lang.String,java.lang.String)[pri:0, instance:test.LoginTest@1e730495]" started-at="2022-05-17T14:19:42 HST" name="invalidCredentials" data-provider="Credentials" finished-at="2022-05-17T14:19:43 HST" duration-ms="638" status="PASS">
          <params>
            <param index="0">
              <value>
                <![CDATA[A]]>
              </value>
            </param>
            <param index="1">
              <value>
                <![CDATA[Hum@nhrm123]]>
              </value>
            </param>
            <param index="2">
              <value>
                <![CDATA[Invalid credentials]]>
              </value>
            </param>
          </params>
          <reporter-output>
            <line>
              <![CDATA[<a href='/Users/sakirsahin/IdeaProjects/TestNGFramework/screenshots/passed/invalidCredentials2022-05-17-14-19-43.png'> <img src='/Users/sakirsahin/IdeaProjects/TestNGFramework/screenshots/passed/invalidCredentials2022-05-17-14-19-43.png' height='100' width='250'/> </a>]]>
            </line>
          </reporter-output>
        </test-method> <!-- invalidCredentials -->
        <test-method is-config="true" signature="tearDown()[pri:0, instance:test.LoginTest@1e730495]" started-at="2022-05-17T14:19:43 HST" name="tearDown" finished-at="2022-05-17T14:19:43 HST" duration-ms="88" status="PASS">
          <reporter-output>
          </reporter-output>
        </test-method> <!-- tearDown -->
        <test-method is-config="true" signature="openBrowserAndLaunchApplication()[pri:0, instance:test.LoginTest@1e730495]" started-at="2022-05-17T14:19:43 HST" name="openBrowserAndLaunchApplication" finished-at="2022-05-17T14:19:46 HST" duration-ms="3088" status="PASS">
          <reporter-output>
          </reporter-output>
        </test-method> <!-- openBrowserAndLaunchApplication -->
        <test-method signature="invalidCredentials(java.lang.String,java.lang.String,java.lang.String)[pri:0, instance:test.LoginTest@1e730495]" started-at="2022-05-17T14:19:46 HST" name="invalidCredentials" data-provider="Credentials" finished-at="2022-05-17T14:19:47 HST" duration-ms="265" status="PASS">
          <params>
            <param index="0">
              <value>
                <![CDATA[Admin]]>
              </value>
            </param>
            <param index="1">
              <value>
                <![CDATA[]]>
              </value>
            </param>
            <param index="2">
              <value>
                <![CDATA[Password cannot be empty]]>
              </value>
            </param>
          </params>
          <reporter-output>
            <line>
              <![CDATA[<a href='/Users/sakirsahin/IdeaProjects/TestNGFramework/screenshots/passed/invalidCredentials2022-05-17-14-19-47.png'> <img src='/Users/sakirsahin/IdeaProjects/TestNGFramework/screenshots/passed/invalidCredentials2022-05-17-14-19-47.png' height='100' width='250'/> </a>]]>
            </line>
          </reporter-output>
        </test-method> <!-- invalidCredentials -->
        <test-method is-config="true" signature="tearDown()[pri:0, instance:test.LoginTest@1e730495]" started-at="2022-05-17T14:19:47 HST" name="tearDown" finished-at="2022-05-17T14:19:47 HST" duration-ms="82" status="PASS">
          <reporter-output>
          </reporter-output>
        </test-method> <!-- tearDown -->
        <test-method is-config="true" signature="openBrowserAndLaunchApplication()[pri:0, instance:test.LoginTest@1e730495]" started-at="2022-05-17T14:19:47 HST" name="openBrowserAndLaunchApplication" finished-at="2022-05-17T14:19:50 HST" duration-ms="3317" status="PASS">
          <reporter-output>
          </reporter-output>
        </test-method> <!-- openBrowserAndLaunchApplication -->
        <test-method signature="invalidCredentials(java.lang.String,java.lang.String,java.lang.String)[pri:0, instance:test.LoginTest@1e730495]" started-at="2022-05-17T14:19:50 HST" name="invalidCredentials" data-provider="Credentials" finished-at="2022-05-17T14:19:51 HST" duration-ms="264" status="PASS">
          <params>
            <param index="0">
              <value>
                <![CDATA[]]>
              </value>
            </param>
            <param index="1">
              <value>
                <![CDATA[Hum@nhrm123]]>
              </value>
            </param>
            <param index="2">
              <value>
                <![CDATA[Username cannot be empty]]>
              </value>
            </param>
          </params>
          <reporter-output>
            <line>
              <![CDATA[<a href='/Users/sakirsahin/IdeaProjects/TestNGFramework/screenshots/passed/invalidCredentials2022-05-17-14-19-51.png'> <img src='/Users/sakirsahin/IdeaProjects/TestNGFramework/screenshots/passed/invalidCredentials2022-05-17-14-19-51.png' height='100' width='250'/> </a>]]>
            </line>
          </reporter-output>
        </test-method> <!-- invalidCredentials -->
        <test-method is-config="true" signature="tearDown()[pri:0, instance:test.LoginTest@1e730495]" started-at="2022-05-17T14:19:51 HST" name="tearDown" finished-at="2022-05-17T14:19:51 HST" duration-ms="84" status="PASS">
          <reporter-output>
          </reporter-output>
        </test-method> <!-- tearDown -->
      </class> <!-- test.LoginTest -->
      <class name="test.AddEmployeeTest">
        <test-method is-config="true" signature="openBrowserAndLaunchApplication()[pri:0, instance:test.AddEmployeeTest@4445629]" started-at="2022-05-17T14:19:32 HST" name="openBrowserAndLaunchApplication" finished-at="2022-05-17T14:19:32 HST" duration-ms="4" status="FAIL">
          <exception class="java.lang.NullPointerException">
            <message>
              <![CDATA[Cannot invoke "String.hashCode()" because "<local1>" is null]]>
            </message>
            <full-stacktrace>
              <![CDATA[java.lang.NullPointerException: Cannot invoke "String.hashCode()" because "<local1>" is null
at testBase.TestBase.openBrowserAndLaunchApplication(TestBase.java:21)
at java.base/jdk.internal.reflect.NativeMethodAccessorImpl.invoke0(Native Method)
at java.base/jdk.internal.reflect.NativeMethodAccessorImpl.invoke(NativeMethodAccessorImpl.java:77)
at java.base/jdk.internal.reflect.DelegatingMethodAccessorImpl.invoke(DelegatingMethodAccessorImpl.java:43)
at java.base/java.lang.reflect.Method.invoke(Method.java:568)
at org.testng.internal.MethodInvocationHelper.invokeMethod(MethodInvocationHelper.java:133)
at org.testng.internal.MethodInvocationHelper.invokeMethodConsideringTimeout(MethodInvocationHelper.java:62)
at org.testng.internal.ConfigInvoker.invokeConfigurationMethod(ConfigInvoker.java:385)
at org.testng.internal.ConfigInvoker.invokeConfigurations(ConfigInvoker.java:321)
at org.testng.internal.TestInvoker.runConfigMethods(TestInvoker.java:700)
at org.testng.internal.TestInvoker.invokeMethod(TestInvoker.java:527)
at org.testng.internal.TestInvoker.invokeTestMethod(TestInvoker.java:173)
at org.testng.internal.MethodRunner.runInSequence(MethodRunner.java:46)
at org.testng.internal.TestInvoker$MethodInvocationAgent.invoke(TestInvoker.java:824)
at org.testng.internal.TestInvoker.invokeTestMethods(TestInvoker.java:146)
at org.testng.internal.TestMethodWorker.invokeTestMethods(TestMethodWorker.java:146)
at org.testng.internal.TestMethodWorker.run(TestMethodWorker.java:128)
at java.base/java.util.concurrent.ThreadPoolExecutor.runWorker(ThreadPoolExecutor.java:1136)
at java.base/java.util.concurrent.ThreadPoolExecutor$Worker.run(ThreadPoolExecutor.java:635)
at java.base/java.lang.Thread.run(Thread.java:833)
]]>
            </full-stacktrace>
          </exception> <!-- java.lang.NullPointerException -->
          <reporter-output>
          </reporter-output>
        </test-method> <!-- openBrowserAndLaunchApplication -->
        <test-method signature="addEmployee()[pri:0, instance:test.AddEmployeeTest@4445629]" started-at="2022-05-17T14:19:32 HST" name="addEmployee" finished-at="2022-05-17T14:19:32 HST" duration-ms="0" status="SKIP">
          <exception class="java.lang.NullPointerException">
            <message>
              <![CDATA[Cannot invoke "String.hashCode()" because "<local1>" is null]]>
            </message>
            <full-stacktrace>
              <![CDATA[java.lang.NullPointerException: Cannot invoke "String.hashCode()" because "<local1>" is null
at testBase.TestBase.openBrowserAndLaunchApplication(TestBase.java:21)
at java.base/jdk.internal.reflect.NativeMethodAccessorImpl.invoke0(Native Method)
at java.base/jdk.internal.reflect.NativeMethodAccessorImpl.invoke(NativeMethodAccessorImpl.java:77)
at java.base/jdk.internal.reflect.DelegatingMethodAccessorImpl.invoke(DelegatingMethodAccessorImpl.java:43)
at java.base/java.lang.reflect.Method.invoke(Method.java:568)
at org.testng.internal.MethodInvocationHelper.invokeMethod(MethodInvocationHelper.java:133)
at org.testng.internal.MethodInvocationHelper.invokeMethodConsideringTimeout(MethodInvocationHelper.java:62)
at org.testng.internal.ConfigInvoker.invokeConfigurationMethod(ConfigInvoker.java:385)
at org.testng.internal.ConfigInvoker.invokeConfigurations(ConfigInvoker.java:321)
at org.testng.internal.TestInvoker.runConfigMethods(TestInvoker.java:700)
at org.testng.internal.TestInvoker.invokeMethod(TestInvoker.java:527)
at org.testng.internal.TestInvoker.invokeTestMethod(TestInvoker.java:173)
at org.testng.internal.MethodRunner.runInSequence(MethodRunner.java:46)
at org.testng.internal.TestInvoker$MethodInvocationAgent.invoke(TestInvoker.java:824)
at org.testng.internal.TestInvoker.invokeTestMethods(TestInvoker.java:146)
at org.testng.internal.TestMethodWorker.invokeTestMethods(TestMethodWorker.java:146)
at org.testng.internal.TestMethodWorker.run(TestMethodWorker.java:128)
at java.base/java.util.concurrent.ThreadPoolExecutor.runWorker(ThreadPoolExecutor.java:1136)
at java.base/java.util.concurrent.ThreadPoolExecutor$Worker.run(ThreadPoolExecutor.java:635)
at java.base/java.lang.Thread.run(Thread.java:833)
]]>
            </full-stacktrace>
          </exception> <!-- java.lang.NullPointerException -->
          <reporter-output>
          </reporter-output>
        </test-method> <!-- addEmployee -->
      </class> <!-- test.AddEmployeeTest -->
    </test> <!-- ParallelTesting -->
  </suite> <!-- All Test Suite -->
</testng-results>
